<?xml version="1.0" encoding="UTF-8"?>
<!-- Generated by org.testng.reporters.JUnitReportReporter -->
<testsuite hostname="DESKTOP-533NIJM" failures="0" tests="1" name="Test1" time="6.935" errors="0" timestamp="2020-06-01T20:33:17 CEST" skipped="0">
  <testcase classname="Test1" name="test1" time="6.935"/>
  <system-out/>
</testsuite> <!-- Test1 -->
