<?xml version="1.0" encoding="UTF-8"?>
<!-- Generated by org.testng.reporters.JUnitReportReporter -->
<testsuite hostname="DESKTOP-533NIJM" failures="0" tests="1" name="Test1" time="3.878" errors="0" timestamp="2020-05-31T19:19:29 CEST" skipped="0">
  <testcase classname="Test1" name="test1" time="3.878"/>
  <system-out/>
</testsuite> <!-- Test1 -->
